[0m2021.12.07 13:59:13 INFO  Started: Metals version 0.10.9 in workspace '/Users/ssahil1/Downloads/softwareUtility/scripts/scalaFullCourse/play-with-scala' for client Visual Studio Code 1.62.3.[0m
[0m2021.12.07 13:59:13 INFO  time: initialize in 0.43s[0m
[0m2021.12.07 13:59:13 WARN  Build server is not auto-connectable.[0m
[0m2021.12.07 13:59:20 INFO  running '/Users/ssahil1/Library/Java/JavaVirtualMachines/corretto-1.8.0_312/Contents/Home/bin/java -Djline.terminal=jline.UnsupportedTerminal -Dsbt.log.noformat=true -Dfile.encoding=UTF-8 -jar /var/folders/2k/14zq1gsx5y121vw0jn33kjph_84lyw/T/metals5333972828424533128/sbt-launch.jar -Dbloop.export-jar-classifiers=sources bloopInstall'[0m
[0m2021.12.07 13:59:20 WARN  no build target for: /Users/ssahil1/Downloads/softwareUtility/scripts/scalaFullCourse/play-with-scala/project/metals.sbt[0m
[0m2021.12.07 13:59:20 WARN  no build target for: /Users/ssahil1/Downloads/softwareUtility/scripts/scalaFullCourse/play-with-scala/project/project/metals.sbt[0m
[0m2021.12.07 13:59:20 INFO  skipping build import with status 'Started'[0m
[0m2021.12.07 13:59:22 INFO  no build target: using presentation compiler with only scala-library: 3.1.0[0m
[0m2021.12.07 13:59:25 INFO  [info] welcome to sbt 1.5.2 (Amazon.com Inc. Java 1.8.0_312)[0m
[0m2021.12.07 13:59:27 INFO  [info] loading settings for project play-with-scala-build-build-build from metals.sbt ...[0m
[0m2021.12.07 13:59:28 INFO  [info] loading project definition from /Users/ssahil1/Downloads/softwareUtility/scripts/scalaFullCourse/play-with-scala/project/project/project[0m
[0m2021.12.07 13:59:30 INFO  [info] loading settings for project play-with-scala-build-build from metals.sbt ...[0m
[0m2021.12.07 13:59:30 INFO  [info] loading project definition from /Users/ssahil1/Downloads/softwareUtility/scripts/scalaFullCourse/play-with-scala/project/project[0m
[0m2021.12.07 13:59:37 INFO  [success] Generated .bloop/play-with-scala-build-build.json[0m
[0m2021.12.07 13:59:37 INFO  [success] Total time: 7 s, completed 7 Dec, 2021 1:59:38 PM[0m
[0m2021.12.07 13:59:38 INFO  [info] loading settings for project play-with-scala-build from metals.sbt,plugins.sbt ...[0m
[0m2021.12.07 13:59:38 INFO  [info] loading project definition from /Users/ssahil1/Downloads/softwareUtility/scripts/scalaFullCourse/play-with-scala/project[0m
[0m2021.12.07 13:59:58 INFO  [success] Generated .bloop/play-with-scala-build.json[0m
[0m2021.12.07 13:59:58 INFO  [success] Total time: 20 s, completed 7 Dec, 2021 1:59:58 PM[0m
[0m2021.12.07 14:00:00 INFO  [info] loading settings for project root from build.sbt ...[0m
[0m2021.12.07 14:00:00 INFO  [info] set current project to play-with-scala (in build file:/Users/ssahil1/Downloads/softwareUtility/scripts/scalaFullCourse/play-with-scala/)[0m
[0m2021.12.07 14:00:25 INFO  [success] Generated .bloop/root.json[0m
[0m2021.12.07 14:00:25 INFO  [success] Generated .bloop/root-test.json[0m
[0m2021.12.07 14:00:25 INFO  [success] Total time: 25 s, completed 7 Dec, 2021 2:00:26 PM[0m
[0m2021.12.07 14:00:26 INFO  time: ran 'sbt bloopInstall' in 1m5s[0m
[0m2021.12.07 14:00:26 INFO  Attempting to connect to the build server...[0m
Starting the bsp launcher for bloop...
Opening a bsp server connection with 'bsp --protocol local --socket /var/folders/2k/14zq1gsx5y121vw0jn33kjph_84lyw/T/bsp-launcher1205199886225981209/bsp.socket'...
Waiting for the bsp connection to come up...
Waiting for the bsp connection to come up...
Waiting for the bsp connection to come up...
Waiting for the bsp connection to come up...
Waiting for the bsp connection to come up...
Waiting for the bsp connection to come up...
Waiting for the bsp connection to come up...
No server running at 127.0.0.1:8212, let's fire one...
Resolving ch.epfl.scala:bloop-frontend_2.12:1.4.11...
Starting bloop server at 127.0.0.1:8212...
Attempting a connection to the server...
Attempting a connection to the server...
Attempting a connection to the server...
Attempting a connection to the server...
Attempting a connection to the server...
Attempting a connection to the server...
Attempting a connection to the server...
Attempting a connection to the server...
Attempting a connection to the server...
Attempting a connection to the server...
Attempting a connection to the server...
Attempting a connection to the server...
Attempting a connection to the server...
Attempting a connection to the server...
Attempting a connection to the server...
Attempting a connection to the server...
Attempting a connection to the server...
Attempting a connection to the server...
Attempting a connection to the server...
Attempting a connection to the server...
Attempting a connection to the server...
Attempting a connection to the server...
Attempting a connection to the server...
Attempting a connection to the server...
Attempting a connection to the server...
Attempting a connection to the server...
Attempting a connection to the server...
Attempting a connection to the server...
[0m[32m[D][0m Loading 2 projects from '/Users/ssahil1/Downloads/softwareUtility/scripts/scalaFullCourse/play-with-scala/.bloop'...
[0m[32m[D][0m Loading project from '/Users/ssahil1/Downloads/softwareUtility/scripts/scalaFullCourse/play-with-scala/.bloop/root.json'
[0m[32m[D][0m Loading project from '/Users/ssahil1/Downloads/softwareUtility/scripts/scalaFullCourse/play-with-scala/.bloop/root-test.json'
[0m[32m[D][0m Cache miss for scala instance org.scala-lang:scala-compiler:2.13.7.
[0m[32m[D][0m   => /Users/ssahil1/Library/Caches/Coursier/v1/https/repo1.maven.org/maven2/net/java/dev/jna/jna/5.8.0/jna-5.8.0.jar
[0m[32m[D][0m   => /Users/ssahil1/Library/Caches/Coursier/v1/https/repo1.maven.org/maven2/org/jline/jline/3.20.0/jline-3.20.0.jar
[0m[32m[D][0m   => /Users/ssahil1/Library/Caches/Coursier/v1/https/repo1.maven.org/maven2/org/scala-lang/scala-compiler/2.13.7/scala-compiler-2.13.7.jar
[0m[32m[D][0m   => /Users/ssahil1/Library/Caches/Coursier/v1/https/repo1.maven.org/maven2/org/scala-lang/scala-library/2.13.7/scala-library-2.13.7.jar
[0m[32m[D][0m   => /Users/ssahil1/Library/Caches/Coursier/v1/https/repo1.maven.org/maven2/org/scala-lang/scala-reflect/2.13.7/scala-reflect-2.13.7.jar
[0m[32m[D][0m Missing analysis file for project 'root'
[0m[32m[D][0m Missing analysis file for project 'root-test'
[0m[32m[D][0m Waiting for a connection at local:///var/folders/2k/14zq1gsx5y121vw0jn33kjph_84lyw/T/bsp-launcher1205199886225981209/bsp.socket...
The server is listening for incoming connections at local:///var/folders/2k/14zq1gsx5y121vw0jn33kjph_84lyw/T/bsp-launcher1205199886225981209/bsp.socket...
Starting thread that pumps stdin and redirects it to the bsp server...
Starting thread that pumps server stdout and redirects it to the client stdout...
[0m2021.12.07 14:00:33 INFO  tracing is disabled for protocol BSP, to enable tracing of incoming and outgoing JSON messages create an empty file at /Users/ssahil1/Library/Caches/org.scalameta.metals/bsp.trace.json[0m
[0m2021.12.07 14:00:33 INFO  Attempting to connect to the build server...[0m
Starting the bsp launcher for bloop...
Opening a bsp server connection with 'bsp --protocol local --socket /var/folders/2k/14zq1gsx5y121vw0jn33kjph_84lyw/T/bsp-launcher8437124082197931251/bsp.socket'...
[0m2021.12.07 14:00:33 INFO  Attempting to connect to the build server...Waiting for the bsp connection to come up...[0m

Starting the bsp launcher for bloop...
Opening a bsp server connection with 'bsp --protocol local --socket /var/folders/2k/14zq1gsx5y121vw0jn33kjph_84lyw/T/bsp-launcher2967121620316610335/bsp.socket'...
Waiting for the bsp connection to come up...
[0m[32m[D][0m Loading workspace settings from bloop.settings.json
[0m[32m[D][0m Waiting for a connection at local:///var/folders/2k/14zq1gsx5y121vw0jn33kjph_84lyw/T/bsp-launcher8437124082197931251/bsp.socket...
The server is listening for incoming connections at local:///var/folders/2k/14zq1gsx5y121vw0jn33kjph_84lyw/T/bsp-launcher8437124082197931251/bsp.socket...
[0m[32m[D][0m Loading workspace settings from bloop.settings.json
[0m[32m[D][0m Waiting for a connection at local:///var/folders/2k/14zq1gsx5y121vw0jn33kjph_84lyw/T/bsp-launcher2967121620316610335/bsp.socket...
The server is listening for incoming connections at local:///var/folders/2k/14zq1gsx5y121vw0jn33kjph_84lyw/T/bsp-launcher2967121620316610335/bsp.socket...
Starting thread that pumps stdin and redirects it to the bsp server...
Starting thread that pumps stdin and redirects it to the bsp server...
Starting thread that pumps server stdout and redirects it to the client stdout...
Starting thread that pumps server stdout and redirects it to the client stdout...
[0m2021.12.07 14:00:33 INFO  tracing is disabled for protocol BSP, to enable tracing of incoming and outgoing JSON messages create an empty file at /Users/ssahil1/Library/Caches/org.scalameta.metals/bsp.trace.json[0m
[0m2021.12.07 14:00:33 INFO  tracing is disabled for protocol BSP, to enable tracing of incoming and outgoing JSON messages create an empty file at /Users/ssahil1/Library/Caches/org.scalameta.metals/bsp.trace.json[0m
[0m2021.12.07 14:00:51 INFO  shutting down Metals[0m
[0m2021.12.07 14:01:18 INFO  Started: Metals version 0.10.9 in workspace '/Users/ssahil1/Downloads/softwareUtility/scripts/scalaFullCourse/play-with-scala' for client Visual Studio Code 1.62.3.[0m
[0m2021.12.07 14:01:18 INFO  time: initialize in 0.33s[0m
[0m2021.12.07 14:01:18 INFO  Attempting to connect to the build server...[0m
Starting the bsp launcher for bloop...
Opening a bsp server connection with 'bsp --protocol local --socket /var/folders/2k/14zq1gsx5y121vw0jn33kjph_84lyw/T/bsp-launcher8414729906024403920/bsp.socket'...
Waiting for the bsp connection to come up...
[0m2021.12.07 14:01:18 INFO  skipping build import with status 'Installed'[0m
[0m[32m[D][0m Loading workspace settings from bloop.settings.json
[0m[32m[D][0m Waiting for a connection at local:///var/folders/2k/14zq1gsx5y121vw0jn33kjph_84lyw/T/bsp-launcher8414729906024403920/bsp.socket...
The server is listening for incoming connections at local:///var/folders/2k/14zq1gsx5y121vw0jn33kjph_84lyw/T/bsp-launcher8414729906024403920/bsp.socket...
Starting thread that pumps stdin and redirects it to the bsp server...
Starting thread that pumps server stdout and redirects it to the client stdout...
[0m2021.12.07 14:01:19 INFO  tracing is disabled for protocol BSP, to enable tracing of incoming and outgoing JSON messages create an empty file at /Users/ssahil1/Library/Caches/org.scalameta.metals/bsp.trace.json[0m
[0m2021.12.07 14:01:19 INFO  Attempting to connect to the build server...[0m
Starting the bsp launcher for bloop...
[0mOpening a bsp server connection with 'bsp --protocol local --socket /var/folders/2k/14zq1gsx5y121vw0jn33kjph_84lyw/T/bsp-launcher8266775862573250101/bsp.socket'...2021.12.07 14:01:19
 INFO  Attempting to connect to the build server...[0m
Waiting for the bsp connection to come up...
Starting the bsp launcher for bloop...
Opening a bsp server connection with 'bsp --protocol local --socket /var/folders/2k/14zq1gsx5y121vw0jn33kjph_84lyw/T/bsp-launcher6532682435346352220/bsp.socket'...
Waiting for the bsp connection to come up...
[0m[32m[D][0m Loading workspace settings from bloop.settings.json
[0m[32m[D][0m Waiting for a connection at local:///var/folders/2k/14zq1gsx5y121vw0jn33kjph_84lyw/T/bsp-launcher8266775862573250101/bsp.socket...
The server is listening for incoming connections at local:///var/folders/2k/14zq1gsx5y121vw0jn33kjph_84lyw/T/bsp-launcher8266775862573250101/bsp.socket...
[0m[32m[D][0m Loading workspace settings from bloop.settings.json
[0m[32m[D][0m Waiting for a connection at local:///var/folders/2k/14zq1gsx5y121vw0jn33kjph_84lyw/T/bsp-launcher6532682435346352220/bsp.socket...
The server is listening for incoming connections at local:///var/folders/2k/14zq1gsx5y121vw0jn33kjph_84lyw/T/bsp-launcher6532682435346352220/bsp.socket...
Starting thread that pumps stdin and redirects it to the bsp server...
Starting thread that pumps stdin and redirects it to the bsp server...
Starting thread that pumps server stdout and redirects it to the client stdout...
Starting thread that pumps server stdout and redirects it to the client stdout...
[0m2021.12.07 14:01:19 INFO  tracing is disabled for protocol BSP, to enable tracing of incoming and outgoing JSON messages create an empty file at /Users/ssahil1/Library/Caches/org.scalameta.metals/bsp.trace.json[0m
[0m2021.12.07 14:01:19 INFO  tracing is disabled for protocol BSP, to enable tracing of incoming and outgoing JSON messages create an empty file at /Users/ssahil1/Library/Caches/org.scalameta.metals/bsp.trace.json[0m
[0m2021.12.07 14:01:19 INFO  time: Connected to build server in 0.37s[0m
[0m2021.12.07 14:01:19 INFO  Connected to Build server: Bloop v1.4.11[0m
[0m2021.12.07 14:01:19 INFO  time: Imported build in 0.12s[0m
[0m2021.12.07 14:01:29 INFO  time: indexed workspace in 9.16s[0m
[0m2021.12.07 14:01:30 INFO  no build target: using presentation compiler with only scala-library: 2.13.7[0m
[0m2021.12.07 14:03:06 INFO  compiling root (7 scala sources and 1 java source)[0m
[0m2021.12.07 14:03:16 INFO  time: compiled root in 10s[0m
[0m2021.12.07 14:03:27 INFO  compiling root (1 scala source)[0m
Dec 07, 2021 2:03:27 PM org.eclipse.lsp4j.jsonrpc.RemoteEndpoint handleCancellation
WARNING: Unmatched cancel notification for request id 9
[0m2021.12.07 14:03:27 INFO  time: compiled root in 0.58s[0m
Dec 07, 2021 2:03:41 PM org.eclipse.lsp4j.jsonrpc.RemoteEndpoint handleCancellation
WARNING: Unmatched cancel notification for request id 32
Dec 07, 2021 2:03:43 PM org.eclipse.lsp4j.jsonrpc.RemoteEndpoint handleCancellation
WARNING: Unmatched cancel notification for request id 39
[0m2021.12.07 14:04:03 INFO  compiling root (1 scala source)[0m
Dec 07, 2021 2:04:03 PM org.eclipse.lsp4j.jsonrpc.RemoteEndpoint handleCancellation
WARNING: Unmatched cancel notification for request id 45
[0m2021.12.07 14:04:03 INFO  time: compiled root in 0.59s[0m
Dec 07, 2021 2:04:37 PM org.eclipse.lsp4j.jsonrpc.RemoteEndpoint handleCancellation
WARNING: Unmatched cancel notification for request id 84
[0m2021.12.07 14:04:48 INFO  compiling root (1 scala source)[0m
[0m2021.12.07 14:04:48 INFO  time: compiled root in 0.14s[0m
[0m2021.12.07 14:04:51 INFO  compiling root (1 scala source)[0m
[0m2021.12.07 14:04:51 INFO  time: compiled root in 0.1s[0m
Dec 07, 2021 2:05:00 PM org.eclipse.lsp4j.jsonrpc.RemoteEndpoint handleCancellation
WARNING: Unmatched cancel notification for request id 120
Dec 07, 2021 2:05:06 PM org.eclipse.lsp4j.jsonrpc.RemoteEndpoint handleCancellation
WARNING: Unmatched cancel notification for request id 139
Dec 07, 2021 2:05:13 PM org.eclipse.lsp4j.jsonrpc.RemoteEndpoint handleCancellation
WARNING: Unmatched cancel notification for request id 149
Dec 07, 2021 2:05:20 PM org.eclipse.lsp4j.jsonrpc.RemoteEndpoint handleCancellation
WARNING: Unmatched cancel notification for request id 166
Dec 07, 2021 2:05:25 PM org.eclipse.lsp4j.jsonrpc.RemoteEndpoint handleCancellation
WARNING: Unmatched cancel notification for request id 175
Dec 07, 2021 2:05:28 PM org.eclipse.lsp4j.jsonrpc.RemoteEndpoint handleCancellation
WARNING: Unmatched cancel notification for request id 184
Dec 07, 2021 2:05:38 PM org.eclipse.lsp4j.jsonrpc.RemoteEndpoint handleCancellation
WARNING: Unmatched cancel notification for request id 192
[0m2021.12.07 14:05:42 INFO  compiling root (1 scala source)[0m
[0m2021.12.07 14:05:42 INFO  time: compiled root in 0.49s[0m
[0m2021.12.07 14:05:46 INFO  compiling root (1 scala source)[0m
[0m2021.12.07 14:05:46 INFO  time: compiled root in 0.66s[0m
Dec 07, 2021 2:05:52 PM org.eclipse.lsp4j.jsonrpc.RemoteEndpoint handleCancellation
WARNING: Unmatched cancel notification for request id 214
Dec 07, 2021 2:06:13 PM org.eclipse.lsp4j.jsonrpc.RemoteEndpoint handleCancellation
WARNING: Unmatched cancel notification for request id 232
[0m2021.12.07 14:06:21 INFO  compiling root (1 scala source)[0m
[0m2021.12.07 14:06:21 INFO  time: compiled root in 89ms[0m
Dec 07, 2021 2:06:26 PM org.eclipse.lsp4j.jsonrpc.RemoteEndpoint handleCancellation
WARNING: Unmatched cancel notification for request id 258
Dec 07, 2021 2:06:31 PM org.eclipse.lsp4j.jsonrpc.RemoteEndpoint handleCancellation
WARNING: Unmatched cancel notification for request id 266
[0m2021.12.07 14:06:33 INFO  compiling root (1 scala source)[0m
[0m2021.12.07 14:06:33 INFO  time: compiled root in 0.64s[0m
Dec 07, 2021 2:06:38 PM org.eclipse.lsp4j.jsonrpc.RemoteEndpoint handleCancellation
WARNING: Unmatched cancel notification for request id 280
Dec 07, 2021 2:13:45 PM org.eclipse.lsp4j.jsonrpc.RemoteEndpoint handleCancellation
WARNING: Unmatched cancel notification for request id 291
[0m2021.12.07 14:16:22 INFO  compiling root (1 scala source)[0m
[0m2021.12.07 14:16:22 INFO  time: compiled root in 0.68s[0m
[0m2021.12.07 14:17:23 INFO  compiling root (1 scala source)[0m
[0m2021.12.07 14:17:23 INFO  time: compiled root in 0.7s[0m
[0m2021.12.07 14:17:29 INFO  compiling root (1 scala source)[0m
[0m2021.12.07 14:17:29 INFO  time: compiled root in 0.57s[0m
[0m2021.12.07 14:26:08 INFO  shutting down Metals[0m
[0m2021.12.07 14:26:08 INFO  Shut down connection with build server.[0m
[0m2021.12.07 14:26:08 INFO  Shut down connection with build server.[0m
[0m2021.12.07 14:26:08 INFO  Shut down connection with build server.[0m
No more data in the client stdin, exiting...
No more data in the client stdin, exiting...
No more data in the server stdin, exiting...
No more data in the server stdin, exiting...
No more data in the client stdin, exiting...
No more data in the server stdin, exiting...
No more data in the server stdin, exiting...
No more data in the server stdin, exiting...
No more data in the server stdin, exiting...
[0m2021.12.07 14:26:35 INFO  Started: Metals version 0.10.9 in workspace '/Users/ssahil1/Downloads/softwareUtility/scripts/scalaFullCourse/play-with-scala' for client Visual Studio Code 1.62.3.[0m
[0m2021.12.07 14:26:35 INFO  time: initialize in 0.34s[0m
[0m2021.12.07 14:26:35 INFO  Attempting to connect to the build server...[0m
Starting the bsp launcher for bloop...
Opening a bsp server connection with 'bsp --protocol local --socket /var/folders/2k/14zq1gsx5y121vw0jn33kjph_84lyw/T/bsp-launcher7479559022827061879/bsp.socket'...
Waiting for the bsp connection to come up...
[0m[32m[D][0m Loading workspace settings from bloop.settings.json
[0m[32m[D][0m Waiting for a connection at local:///var/folders/2k/14zq1gsx5y121vw0jn33kjph_84lyw/T/bsp-launcher7479559022827061879/bsp.socket...
The server is listening for incoming connections at local:///var/folders/2k/14zq1gsx5y121vw0jn33kjph_84lyw/T/bsp-launcher7479559022827061879/bsp.socket...
[0m2021.12.07 14:26:35 INFO  skipping build import with status 'Installed'[0m
Starting thread that pumps stdin and redirects it to the bsp server...
Starting thread that pumps server stdout and redirects it to the client stdout...
[0m2021.12.07 14:26:39 INFO  tracing is disabled for protocol BSP, to enable tracing of incoming and outgoing JSON messages create an empty file at /Users/ssahil1/Library/Caches/org.scalameta.metals/bsp.trace.json[0m
[0m2021.12.07 14:26:39 INFO  Attempting to connect to the build server...[0m
Starting the bsp launcher for bloop...
[0mOpening a bsp server connection with 'bsp --protocol local --socket /var/folders/2k/14zq1gsx5y121vw0jn33kjph_84lyw/T/bsp-launcher7779621961656102566/bsp.socket'...2021.12.07 14:26:39
 INFO  Attempting to connect to the build server...[0m
Waiting for the bsp connection to come up...
Starting the bsp launcher for bloop...
Opening a bsp server connection with 'bsp --protocol local --socket /var/folders/2k/14zq1gsx5y121vw0jn33kjph_84lyw/T/bsp-launcher3550673080543852293/bsp.socket'...
Waiting for the bsp connection to come up...
[0m[32m[D][0m Loading workspace settings from bloop.settings.json
[0m[32m[D][0m Waiting for a connection at local:///var/folders/2k/14zq1gsx5y121vw0jn33kjph_84lyw/T/bsp-launcher7779621961656102566/bsp.socket...
The server is listening for incoming connections at local:///var/folders/2k/14zq1gsx5y121vw0jn33kjph_84lyw/T/bsp-launcher7779621961656102566/bsp.socket...
[0m[32m[D][0m Loading workspace settings from bloop.settings.json
[0m[32m[D][0m Waiting for a connection at local:///var/folders/2k/14zq1gsx5y121vw0jn33kjph_84lyw/T/bsp-launcher3550673080543852293/bsp.socket...
The server is listening for incoming connections at local:///var/folders/2k/14zq1gsx5y121vw0jn33kjph_84lyw/T/bsp-launcher3550673080543852293/bsp.socket...
Starting thread that pumps stdin and redirects it to the bsp server...
Starting thread that pumps server stdout and redirects it to the client stdout...
Starting thread that pumps stdin and redirects it to the bsp server...
Starting thread that pumps server stdout and redirects it to the client stdout...
[0m2021.12.07 14:26:39 INFO  tracing is disabled for protocol BSP, to enable tracing of incoming and outgoing JSON messages create an empty file at /Users/ssahil1/Library/Caches/org.scalameta.metals/bsp.trace.json[0m
[0m2021.12.07 14:26:39 INFO  tracing is disabled for protocol BSP, to enable tracing of incoming and outgoing JSON messages create an empty file at /Users/ssahil1/Library/Caches/org.scalameta.metals/bsp.trace.json[0m
[0m2021.12.07 14:26:39 INFO  time: Connected to build server in 3.42s[0m
[0m2021.12.07 14:26:39 INFO  Connected to Build server: Bloop v1.4.11[0m
Dec 07, 2021 2:26:39 PM org.eclipse.lsp4j.jsonrpc.RemoteEndpoint handleCancellation
WARNING: Unmatched cancel notification for request id 1
Dec 07, 2021 2:26:39 PM org.eclipse.lsp4j.jsonrpc.services.GenericEndpoint notify
INFO: Unsupported notification method: $/setTrace
[0m2021.12.07 14:26:42 INFO  time: indexed workspace in 2.88s[0m
[0m2021.12.07 14:26:42 INFO  compiling root-test (1 scala source)[0m
[0m2021.12.07 14:26:43 INFO  no build target: using presentation compiler with only scala-library: 2.13.7[0m
Dec 07, 2021 2:26:44 PM org.eclipse.lsp4j.jsonrpc.RemoteEndpoint handleNotification
WARNING: Notification threw an exception: {
  "jsonrpc": "2.0",
  "method": "build/taskFinish",
  "params": {
    "taskId": {
      "id": "1"
    },
    "eventTime": 1638867402840,
    "message": "Compiled \u0027root\u0027",
    "status": 1,
    "dataKind": "compile-report",
    "data": {
      "target": {
        "uri": "file:/Users/ssahil1/Downloads/softwareUtility/scripts/scalaFullCourse/play-with-scala/?id\u003droot"
      },
      "errors": 0,
      "warnings": 0,
      "isNoOp": true,
      "isLastCycle": true,
      "clientDir": "file:///Users/ssahil1/Downloads/softwareUtility/scripts/scalaFullCourse/play-with-scala/.bloop/root/bloop-bsp-clients-classes/classes-Metals-OtqzaQyoTQ6rnzdfdhiGWg\u003d\u003d/",
      "analysisOut": "file:///Users/ssahil1/Downloads/softwareUtility/scripts/scalaFullCourse/play-with-scala/target/streams/compile/bloopAnalysisOut/_global/streams/inc_compile_2.13.zip"
    }
  }
}
java.lang.RuntimeException: java.lang.reflect.InvocationTargetException
	at org.eclipse.lsp4j.jsonrpc.services.GenericEndpoint.lambda$null$0(GenericEndpoint.java:67)
	at org.eclipse.lsp4j.jsonrpc.services.GenericEndpoint.notify(GenericEndpoint.java:152)
	at org.eclipse.lsp4j.jsonrpc.RemoteEndpoint.handleNotification(RemoteEndpoint.java:220)
	at org.eclipse.lsp4j.jsonrpc.RemoteEndpoint.consume(RemoteEndpoint.java:187)
	at org.eclipse.lsp4j.jsonrpc.json.StreamMessageProducer.handleMessage(StreamMessageProducer.java:194)
	at org.eclipse.lsp4j.jsonrpc.json.StreamMessageProducer.listen(StreamMessageProducer.java:94)
	at org.eclipse.lsp4j.jsonrpc.json.ConcurrentMessageProcessor.run(ConcurrentMessageProcessor.java:113)
	at java.util.concurrent.Executors$RunnableAdapter.call(Executors.java:511)
	at java.util.concurrent.FutureTask.run(FutureTask.java:266)
	at java.util.concurrent.ThreadPoolExecutor.runWorker(ThreadPoolExecutor.java:1149)
	at java.util.concurrent.ThreadPoolExecutor$Worker.run(ThreadPoolExecutor.java:624)
	at java.lang.Thread.run(Thread.java:748)
Caused by: java.lang.reflect.InvocationTargetException
	at sun.reflect.NativeMethodAccessorImpl.invoke0(Native Method)
	at sun.reflect.NativeMethodAccessorImpl.invoke(NativeMethodAccessorImpl.java:62)
	at sun.reflect.DelegatingMethodAccessorImpl.invoke(DelegatingMethodAccessorImpl.java:43)
	at java.lang.reflect.Method.invoke(Method.java:498)
	at org.eclipse.lsp4j.jsonrpc.services.GenericEndpoint.lambda$null$0(GenericEndpoint.java:65)
	... 11 more
Caused by: java.lang.NullPointerException
	at scala.meta.internal.metals.Compilers.$anonfun$didCompile$3(Compilers.scala:235)
	at scala.meta.internal.metals.Compilers.$anonfun$didCompile$3$adapted(Compilers.scala:233)
	at scala.Option.foreach(Option.scala:407)
	at scala.meta.internal.metals.Compilers.$anonfun$didCompile$2(Compilers.scala:233)
	at scala.meta.internal.metals.Compilers.$anonfun$didCompile$2$adapted(Compilers.scala:232)
	at scala.collection.mutable.HashSet.foreach(HashSet.scala:79)
	at scala.meta.internal.metals.Compilers.didCompile(Compilers.scala:232)
	at scala.meta.internal.metals.MetalsLanguageServer.$anonfun$updateWorkspaceDirectory$10(MetalsLanguageServer.scala:407)
	at scala.meta.internal.metals.MetalsLanguageServer.$anonfun$updateWorkspaceDirectory$10$adapted(MetalsLanguageServer.scala:405)
	at scala.meta.internal.metals.ForwardingMetalsBuildClient.$anonfun$buildTaskFinish$2(ForwardingMetalsBuildClient.scala:172)
	at scala.Option.foreach(Option.scala:407)
	at scala.meta.internal.metals.ForwardingMetalsBuildClient.$anonfun$buildTaskFinish$1(ForwardingMetalsBuildClient.scala:169)
	at scala.meta.internal.metals.ForwardingMetalsBuildClient.$anonfun$buildTaskFinish$1$adapted(ForwardingMetalsBuildClient.scala:168)
	at scala.Option.foreach(Option.scala:407)
	at scala.meta.internal.metals.ForwardingMetalsBuildClient.buildTaskFinish(ForwardingMetalsBuildClient.scala:168)
	... 16 more

[0m2021.12.07 14:26:44 INFO  time: compiled root-test in 1.71s[0m
